<?xml version="1.0" encoding="UTF-8"?>
<robot generator="Robot 5.0.1 (Python 3.8.10 on linux)" generated="20220923 04:32:59.231" rpa="false" schemaversion="3">
<suite id="s1" name="testCase1" source="/home/farah/Desktop/DAY 8 - Automation Project/test-case-1/testCase1.robot">
<test id="s1-t1" name="Login To Deriv" line="10">
<kw name="Open Browser" library="SeleniumLibrary">
<arg>https://app.deriv.com/</arg>
<arg>chrome</arg>
<doc>Opens a new browser instance to the optional ``url``.</doc>
<msg timestamp="20220923 04:32:59.372" level="INFO">Opening browser 'chrome' to base url 'https://app.deriv.com/'.</msg>
<status status="PASS" starttime="20220923 04:32:59.372" endtime="20220923 04:33:02.623"/>
</kw>
<kw name="Maximize Browser Window" library="SeleniumLibrary">
<doc>Maximizes current browser window.</doc>
<status status="PASS" starttime="20220923 04:33:02.623" endtime="20220923 04:33:02.729"/>
</kw>
<kw name="Wait Until Page Contains Element" library="SeleniumLibrary">
<arg>//div[@class='btn-purchase__text_wrapper' and contains(.,'Rise')]</arg>
<arg>30</arg>
<doc>Waits until the element ``locator`` appears on the current page.</doc>
<status status="PASS" starttime="20220923 04:33:02.729" endtime="20220923 04:33:07.386"/>
</kw>
<kw name="Click Element" library="SeleniumLibrary">
<arg>dt_login_button</arg>
<doc>Click the element identified by ``locator``.</doc>
<msg timestamp="20220923 04:33:07.387" level="INFO">Clicking element 'dt_login_button'.</msg>
<status status="PASS" starttime="20220923 04:33:07.386" endtime="20220923 04:33:10.387"/>
</kw>
<kw name="Wait Until Page Contains Element" library="SeleniumLibrary">
<arg>//input[@type='email']</arg>
<arg>10</arg>
<doc>Waits until the element ``locator`` appears on the current page.</doc>
<status status="PASS" starttime="20220923 04:33:10.387" endtime="20220923 04:33:10.397"/>
</kw>
<kw name="Input Text" library="SeleniumLibrary">
<arg>//input[@type='email']</arg>
<arg>farah.afiqah+3@besquare.com.my</arg>
<doc>Types the given ``text`` into the text field identified by ``locator``.</doc>
<msg timestamp="20220923 04:33:10.399" level="INFO">Typing text 'farah.afiqah+3@besquare.com.my' into text field '//input[@type='email']'.</msg>
<status status="PASS" starttime="20220923 04:33:10.397" endtime="20220923 04:33:10.472"/>
</kw>
<kw name="Input Text" library="SeleniumLibrary">
<arg>//input[@type='password']</arg>
<arg>Abcdef1504</arg>
<doc>Types the given ``text`` into the text field identified by ``locator``.</doc>
<msg timestamp="20220923 04:33:10.473" level="INFO">Typing text 'Abcdef1504' into text field '//input[@type='password']'.</msg>
<status status="PASS" starttime="20220923 04:33:10.472" endtime="20220923 04:33:10.542"/>
</kw>
<kw name="Click Element" library="SeleniumLibrary">
<arg>//button[@type='submit']</arg>
<doc>Click the element identified by ``locator``.</doc>
<msg timestamp="20220923 04:33:10.542" level="INFO">Clicking element '//button[@type='submit']'.</msg>
<status status="PASS" starttime="20220923 04:33:10.542" endtime="20220923 04:33:12.922"/>
</kw>
<kw name="Wait Until Page Contains Element" library="SeleniumLibrary">
<arg>dt_core_account-info_acc-info</arg>
<arg>30</arg>
<doc>Waits until the element ``locator`` appears on the current page.</doc>
<status status="PASS" starttime="20220923 04:33:12.922" endtime="20220923 04:33:13.492"/>
</kw>
<status status="PASS" starttime="20220923 04:32:59.371" endtime="20220923 04:33:13.493"/>
</test>
<test id="s1-t2" name="Navigate To Demo Account" line="21">
<kw name="Wait Until Page Does Not Contain Element" library="SeleniumLibrary">
<arg>//*[@aria-label="Loading interface..."]</arg>
<arg>30</arg>
<doc>Waits until the element ``locator`` disappears from the current page.</doc>
<status status="PASS" starttime="20220923 04:33:13.494" endtime="20220923 04:33:16.074"/>
</kw>
<kw name="Click Element" library="SeleniumLibrary">
<arg>dt_core_account-info_acc-info</arg>
<doc>Click the element identified by ``locator``.</doc>
<msg timestamp="20220923 04:33:16.074" level="INFO">Clicking element 'dt_core_account-info_acc-info'.</msg>
<status status="PASS" starttime="20220923 04:33:16.074" endtime="20220923 04:33:16.288"/>
</kw>
<kw name="Click Element" library="SeleniumLibrary">
<arg>//*[@id="dt_core_account-switcher_demo-tab"]</arg>
<doc>Click the element identified by ``locator``.</doc>
<msg timestamp="20220923 04:33:16.289" level="INFO">Clicking element '//*[@id="dt_core_account-switcher_demo-tab"]'.</msg>
<status status="PASS" starttime="20220923 04:33:16.288" endtime="20220923 04:33:16.545"/>
</kw>
<kw name="Click Element" library="SeleniumLibrary">
<arg>//*[@id='dt_VRTC6744793']</arg>
<doc>Click the element identified by ``locator``.</doc>
<msg timestamp="20220923 04:33:16.546" level="INFO">Clicking element '//*[@id='dt_VRTC6744793']'.</msg>
<status status="PASS" starttime="20220923 04:33:16.546" endtime="20220923 04:33:16.848"/>
</kw>
<status status="PASS" starttime="20220923 04:33:13.493" endtime="20220923 04:33:16.849"/>
</test>
<test id="s1-t3" name="Navigate To &quot;Manage Account Settings&quot; Page" line="27">
<kw name="Wait Until Page Does Not Contain Element" library="SeleniumLibrary">
<arg>//*[@aria-label="Loading interface..."]</arg>
<arg>30</arg>
<doc>Waits until the element ``locator`` disappears from the current page.</doc>
<status status="PASS" starttime="20220923 04:33:16.851" endtime="20220923 04:33:21.924"/>
</kw>
<kw name="Click Element" library="SeleniumLibrary">
<arg>//*[@class="dc-icon"]</arg>
<doc>Click the element identified by ``locator``.</doc>
<msg timestamp="20220923 04:33:21.925" level="INFO">Clicking element '//*[@class="dc-icon"]'.</msg>
<status status="PASS" starttime="20220923 04:33:21.924" endtime="20220923 04:33:22.083"/>
</kw>
<status status="PASS" starttime="20220923 04:33:16.850" endtime="20220923 04:33:22.083"/>
</test>
<test id="s1-t4" name="Navigate To API Token Page" line="31">
<kw name="Wait Until Page Contains Element" library="SeleniumLibrary">
<arg>//*[@class="dc-vertical-tab__tab dc-vertical-tab__tab--floating"]</arg>
<arg>20</arg>
<doc>Waits until the element ``locator`` appears on the current page.</doc>
<status status="PASS" starttime="20220923 04:33:22.085" endtime="20220923 04:33:22.519"/>
</kw>
<kw name="Wait Until Page Contains Element" library="SeleniumLibrary">
<arg>//*[@class="dc-vertical-tab__header dc-vertical-tab__header--floating" and contains(.,"API token")]</arg>
<arg>20</arg>
<doc>Waits until the element ``locator`` appears on the current page.</doc>
<status status="PASS" starttime="20220923 04:33:22.520" endtime="20220923 04:33:22.533"/>
</kw>
<kw name="Click Element" library="SeleniumLibrary">
<arg>//*[@class="dc-vertical-tab__header dc-vertical-tab__header--floating" and contains(.,"API token")]</arg>
<doc>Click the element identified by ``locator``.</doc>
<msg timestamp="20220923 04:33:22.534" level="INFO">Clicking element '//*[@class="dc-vertical-tab__header dc-vertical-tab__header--floating" and contains(.,"API token")]'.</msg>
<status status="PASS" starttime="20220923 04:33:22.534" endtime="20220923 04:33:22.646"/>
</kw>
<status status="PASS" starttime="20220923 04:33:22.084" endtime="20220923 04:33:22.646"/>
</test>
<test id="s1-t5" name=" Create Token Name" line="36">
<kw name="Wait Until Page Contains Element" library="SeleniumLibrary">
<arg>//*[@class="dc-input__field"]</arg>
<arg>20</arg>
<doc>Waits until the element ``locator`` appears on the current page.</doc>
<status status="PASS" starttime="20220923 04:33:22.647" endtime="20220923 04:33:23.377"/>
</kw>
<kw name="Click Element" library="SeleniumLibrary">
<arg>//*[@class="dc-input__field"]</arg>
<doc>Click the element identified by ``locator``.</doc>
<msg timestamp="20220923 04:33:23.377" level="INFO">Clicking element '//*[@class="dc-input__field"]'.</msg>
<status status="PASS" starttime="20220923 04:33:23.377" endtime="20220923 04:33:23.435"/>
</kw>
<kw name="Press Keys" library="SeleniumLibrary">
<arg>//*[@class="dc-input__field"]</arg>
<arg>sunny</arg>
<doc>Simulates the user pressing key(s) to an element or on the active browser.</doc>
<msg timestamp="20220923 04:33:23.436" level="INFO">Sending key(s) ('sunny',) to //*[@class="dc-input__field"] element.</msg>
<msg timestamp="20220923 04:33:23.723" level="INFO">Sending keys sunny</msg>
<status status="PASS" starttime="20220923 04:33:23.435" endtime="20220923 04:33:23.831"/>
</kw>
<kw name="Element Should Be Disabled" library="SeleniumLibrary">
<arg>//*[@class="dc-btn dc-btn__effect dc-btn--primary dc-btn__large dc-btn__button-group da-api-token__button"]</arg>
<doc>Verifies that element identified by ``locator`` is disabled.</doc>
<status status="PASS" starttime="20220923 04:33:23.832" endtime="20220923 04:33:23.853"/>
</kw>
<status status="PASS" starttime="20220923 04:33:22.646" endtime="20220923 04:33:23.853"/>
</test>
<status status="PASS" starttime="20220923 04:32:59.232" endtime="20220923 04:33:23.854"/>
</suite>
<statistics>
<total>
<stat pass="5" fail="0" skip="0">All Tests</stat>
</total>
<tag>
</tag>
<suite>
<stat pass="5" fail="0" skip="0" id="s1" name="testCase1">testCase1</stat>
</suite>
</statistics>
<errors>
</errors>
</robot>
