<?xml version="1.0" encoding="UTF-8"?>
<robot generator="Robot 5.0.1 (Python 3.8.10 on linux)" generated="20220923 05:42:26.003" rpa="false" schemaversion="3">
<suite id="s1" name="testCase6" source="/home/farah/Desktop/DAY 8 - Automation Project/test-case-6/testCase6.robot">
<test id="s1-t1" name="Login To Deriv" line="10">
<kw name="Open Browser" library="SeleniumLibrary">
<arg>https://app.deriv.com/</arg>
<arg>chrome</arg>
<doc>Opens a new browser instance to the optional ``url``.</doc>
<msg timestamp="20220923 05:42:26.124" level="INFO">Opening browser 'chrome' to base url 'https://app.deriv.com/'.</msg>
<status status="PASS" starttime="20220923 05:42:26.124" endtime="20220923 05:42:30.332"/>
</kw>
<kw name="Maximize Browser Window" library="SeleniumLibrary">
<doc>Maximizes current browser window.</doc>
<status status="PASS" starttime="20220923 05:42:30.333" endtime="20220923 05:42:30.446"/>
</kw>
<kw name="Wait Until Page Contains Element" library="SeleniumLibrary">
<arg>//div[@class='btn-purchase__text_wrapper' and contains(.,'Rise')]</arg>
<arg>30</arg>
<doc>Waits until the element ``locator`` appears on the current page.</doc>
<status status="PASS" starttime="20220923 05:42:30.447" endtime="20220923 05:42:33.500"/>
</kw>
<kw name="Click Element" library="SeleniumLibrary">
<arg>dt_login_button</arg>
<doc>Click the element identified by ``locator``.</doc>
<msg timestamp="20220923 05:42:33.501" level="INFO">Clicking element 'dt_login_button'.</msg>
<status status="PASS" starttime="20220923 05:42:33.501" endtime="20220923 05:42:36.145"/>
</kw>
<kw name="Wait Until Page Contains Element" library="SeleniumLibrary">
<arg>//input[@type='email']</arg>
<arg>10</arg>
<doc>Waits until the element ``locator`` appears on the current page.</doc>
<status status="PASS" starttime="20220923 05:42:36.146" endtime="20220923 05:42:36.184"/>
</kw>
<kw name="Input Text" library="SeleniumLibrary">
<arg>//input[@type='email']</arg>
<arg>farah.afiqah+3@besquare.com.my</arg>
<doc>Types the given ``text`` into the text field identified by ``locator``.</doc>
<msg timestamp="20220923 05:42:36.185" level="INFO">Typing text 'farah.afiqah+3@besquare.com.my' into text field '//input[@type='email']'.</msg>
<status status="PASS" starttime="20220923 05:42:36.184" endtime="20220923 05:42:36.265"/>
</kw>
<kw name="Input Text" library="SeleniumLibrary">
<arg>//input[@type='password']</arg>
<arg>Abcdef1504</arg>
<doc>Types the given ``text`` into the text field identified by ``locator``.</doc>
<msg timestamp="20220923 05:42:36.265" level="INFO">Typing text 'Abcdef1504' into text field '//input[@type='password']'.</msg>
<status status="PASS" starttime="20220923 05:42:36.265" endtime="20220923 05:42:36.337"/>
</kw>
<kw name="Click Element" library="SeleniumLibrary">
<arg>//button[@type='submit']</arg>
<doc>Click the element identified by ``locator``.</doc>
<msg timestamp="20220923 05:42:36.338" level="INFO">Clicking element '//button[@type='submit']'.</msg>
<status status="PASS" starttime="20220923 05:42:36.338" endtime="20220923 05:42:38.387"/>
</kw>
<kw name="Wait Until Page Contains Element" library="SeleniumLibrary">
<arg>dt_core_account-info_acc-info</arg>
<arg>30</arg>
<doc>Waits until the element ``locator`` appears on the current page.</doc>
<status status="PASS" starttime="20220923 05:42:38.387" endtime="20220923 05:42:39.973"/>
</kw>
<status status="PASS" starttime="20220923 05:42:26.123" endtime="20220923 05:42:39.974"/>
</test>
<test id="s1-t2" name="Navigate To Demo Account" line="21">
<kw name="Wait Until Page Does Not Contain Element" library="SeleniumLibrary">
<arg>//*[@aria-label="Loading interface..."]</arg>
<arg>30</arg>
<doc>Waits until the element ``locator`` disappears from the current page.</doc>
<status status="PASS" starttime="20220923 05:42:39.976" endtime="20220923 05:42:43.204"/>
</kw>
<kw name="Click Element" library="SeleniumLibrary">
<arg>dt_core_account-info_acc-info</arg>
<doc>Click the element identified by ``locator``.</doc>
<msg timestamp="20220923 05:42:43.205" level="INFO">Clicking element 'dt_core_account-info_acc-info'.</msg>
<status status="PASS" starttime="20220923 05:42:43.205" endtime="20220923 05:42:43.405"/>
</kw>
<kw name="Click Element" library="SeleniumLibrary">
<arg>//*[@id="dt_core_account-switcher_demo-tab"]</arg>
<doc>Click the element identified by ``locator``.</doc>
<msg timestamp="20220923 05:42:43.406" level="INFO">Clicking element '//*[@id="dt_core_account-switcher_demo-tab"]'.</msg>
<status status="PASS" starttime="20220923 05:42:43.405" endtime="20220923 05:42:43.692"/>
</kw>
<kw name="Click Element" library="SeleniumLibrary">
<arg>//*[@id='dt_VRTC6744793']</arg>
<doc>Click the element identified by ``locator``.</doc>
<msg timestamp="20220923 05:42:43.693" level="INFO">Clicking element '//*[@id='dt_VRTC6744793']'.</msg>
<status status="PASS" starttime="20220923 05:42:43.692" endtime="20220923 05:42:43.946"/>
</kw>
<status status="PASS" starttime="20220923 05:42:39.975" endtime="20220923 05:42:43.946"/>
</test>
<test id="s1-t3" name="Navigate To &quot;Manage Account Settings&quot; Page" line="27">
<kw name="Wait Until Page Does Not Contain Element" library="SeleniumLibrary">
<arg>//*[@aria-label="Loading interface..."]</arg>
<arg>30</arg>
<doc>Waits until the element ``locator`` disappears from the current page.</doc>
<status status="PASS" starttime="20220923 05:42:43.947" endtime="20220923 05:42:48.790"/>
</kw>
<kw name="Click Element" library="SeleniumLibrary">
<arg>//*[@class="dc-icon"]</arg>
<doc>Click the element identified by ``locator``.</doc>
<msg timestamp="20220923 05:42:48.791" level="INFO">Clicking element '//*[@class="dc-icon"]'.</msg>
<status status="PASS" starttime="20220923 05:42:48.790" endtime="20220923 05:42:48.922"/>
</kw>
<status status="PASS" starttime="20220923 05:42:43.947" endtime="20220923 05:42:48.923"/>
</test>
<test id="s1-t4" name="Navigate To API Token Page" line="31">
<kw name="Wait Until Page Contains Element" library="SeleniumLibrary">
<arg>//*[@class="dc-vertical-tab__tab dc-vertical-tab__tab--floating"]</arg>
<arg>20</arg>
<doc>Waits until the element ``locator`` appears on the current page.</doc>
<status status="PASS" starttime="20220923 05:42:48.924" endtime="20220923 05:42:49.305"/>
</kw>
<kw name="Wait Until Page Contains Element" library="SeleniumLibrary">
<arg>//*[@class="dc-vertical-tab__header dc-vertical-tab__header--floating" and contains(.,"API token")]</arg>
<arg>20</arg>
<doc>Waits until the element ``locator`` appears on the current page.</doc>
<status status="PASS" starttime="20220923 05:42:49.306" endtime="20220923 05:42:49.321"/>
</kw>
<kw name="Click Element" library="SeleniumLibrary">
<arg>//*[@class="dc-vertical-tab__header dc-vertical-tab__header--floating" and contains(.,"API token")]</arg>
<doc>Click the element identified by ``locator``.</doc>
<msg timestamp="20220923 05:42:49.321" level="INFO">Clicking element '//*[@class="dc-vertical-tab__header dc-vertical-tab__header--floating" and contains(.,"API token")]'.</msg>
<status status="PASS" starttime="20220923 05:42:49.321" endtime="20220923 05:42:49.436"/>
</kw>
<status status="PASS" starttime="20220923 05:42:48.923" endtime="20220923 05:42:49.436"/>
</test>
<test id="s1-t5" name="Select Scopes" line="36">
<kw name="Wait Until Page Contains Element" library="SeleniumLibrary">
<arg>//label[@class="dc-checkbox"]</arg>
<arg>20</arg>
<doc>Waits until the element ``locator`` appears on the current page.</doc>
<status status="PASS" starttime="20220923 05:42:49.439" endtime="20220923 05:42:51.681"/>
</kw>
<kw name="Wait Until Page Contains Element" library="SeleniumLibrary">
<arg>//label[@class="dc-checkbox" and contains(.,"Read")]</arg>
<arg>20</arg>
<doc>Waits until the element ``locator`` appears on the current page.</doc>
<status status="PASS" starttime="20220923 05:42:51.681" endtime="20220923 05:42:51.712"/>
</kw>
<kw name="Click Element" library="SeleniumLibrary">
<arg>//label[@class="dc-checkbox" and contains(.,"Read")]</arg>
<doc>Click the element identified by ``locator``.</doc>
<msg timestamp="20220923 05:42:51.713" level="INFO">Clicking element '//label[@class="dc-checkbox" and contains(.,"Read")]'.</msg>
<status status="PASS" starttime="20220923 05:42:51.713" endtime="20220923 05:42:51.769"/>
</kw>
<kw name="Wait Until Page Contains Element" library="SeleniumLibrary">
<arg>//label[@class="dc-checkbox" and contains(.,"Trade")]</arg>
<arg>20</arg>
<doc>Waits until the element ``locator`` appears on the current page.</doc>
<status status="PASS" starttime="20220923 05:42:51.769" endtime="20220923 05:42:51.780"/>
</kw>
<kw name="Click Element" library="SeleniumLibrary">
<arg>//label[@class="dc-checkbox" and contains(.,"Trade")]</arg>
<doc>Click the element identified by ``locator``.</doc>
<msg timestamp="20220923 05:42:51.781" level="INFO">Clicking element '//label[@class="dc-checkbox" and contains(.,"Trade")]'.</msg>
<status status="PASS" starttime="20220923 05:42:51.780" endtime="20220923 05:42:51.841"/>
</kw>
<kw name="Wait Until Page Contains Element" library="SeleniumLibrary">
<arg>//label[@class="dc-checkbox" and contains(.,"Payments")]</arg>
<arg>20</arg>
<doc>Waits until the element ``locator`` appears on the current page.</doc>
<status status="PASS" starttime="20220923 05:42:51.841" endtime="20220923 05:42:51.856"/>
</kw>
<kw name="Click Element" library="SeleniumLibrary">
<arg>//label[@class="dc-checkbox" and contains(.,"Payments")]</arg>
<doc>Click the element identified by ``locator``.</doc>
<msg timestamp="20220923 05:42:51.857" level="INFO">Clicking element '//label[@class="dc-checkbox" and contains(.,"Payments")]'.</msg>
<status status="PASS" starttime="20220923 05:42:51.857" endtime="20220923 05:42:51.915"/>
</kw>
<kw name="Wait Until Page Contains Element" library="SeleniumLibrary">
<arg>//label[@class="dc-checkbox" and contains(.,"Trading information")]</arg>
<arg>20</arg>
<doc>Waits until the element ``locator`` appears on the current page.</doc>
<status status="PASS" starttime="20220923 05:42:51.915" endtime="20220923 05:42:51.928"/>
</kw>
<kw name="Click Element" library="SeleniumLibrary">
<arg>//label[@class="dc-checkbox" and contains(.,"Trading information")]</arg>
<doc>Click the element identified by ``locator``.</doc>
<msg timestamp="20220923 05:42:51.929" level="INFO">Clicking element '//label[@class="dc-checkbox" and contains(.,"Trading information")]'.</msg>
<status status="PASS" starttime="20220923 05:42:51.928" endtime="20220923 05:42:51.990"/>
</kw>
<kw name="Wait Until Page Contains Element" library="SeleniumLibrary">
<arg>//label[@class="dc-checkbox" and contains(.,"Admin")]</arg>
<arg>20</arg>
<doc>Waits until the element ``locator`` appears on the current page.</doc>
<status status="PASS" starttime="20220923 05:42:51.990" endtime="20220923 05:42:52.005"/>
</kw>
<kw name="Click Element" library="SeleniumLibrary">
<arg>//label[@class="dc-checkbox" and contains(.,"Admin")]</arg>
<doc>Click the element identified by ``locator``.</doc>
<msg timestamp="20220923 05:42:52.006" level="INFO">Clicking element '//label[@class="dc-checkbox" and contains(.,"Admin")]'.</msg>
<status status="PASS" starttime="20220923 05:42:52.006" endtime="20220923 05:42:52.077"/>
</kw>
<status status="PASS" starttime="20220923 05:42:49.437" endtime="20220923 05:42:52.077"/>
</test>
<test id="s1-t6" name="Create Token Name" line="50">
<kw name="Wait Until Page Contains Element" library="SeleniumLibrary">
<arg>//*[@class="dc-input__field"]</arg>
<arg>20</arg>
<doc>Waits until the element ``locator`` appears on the current page.</doc>
<status status="PASS" starttime="20220923 05:42:52.079" endtime="20220923 05:42:52.094"/>
</kw>
<kw name="Click Element" library="SeleniumLibrary">
<arg>//*[@class="dc-input__field"]</arg>
<doc>Click the element identified by ``locator``.</doc>
<msg timestamp="20220923 05:42:52.094" level="INFO">Clicking element '//*[@class="dc-input__field"]'.</msg>
<status status="PASS" starttime="20220923 05:42:52.094" endtime="20220923 05:42:52.162"/>
</kw>
<kw name="Press Keys" library="SeleniumLibrary">
<arg>//*[@class="dc-input__field"]</arg>
<arg>sun</arg>
<doc>Simulates the user pressing key(s) to an element or on the active browser.</doc>
<msg timestamp="20220923 05:42:52.164" level="INFO">Sending key(s) ('sun',) to //*[@class="dc-input__field"] element.</msg>
<msg timestamp="20220923 05:42:52.463" level="INFO">Sending keys sun</msg>
<status status="PASS" starttime="20220923 05:42:52.162" endtime="20220923 05:42:52.534"/>
</kw>
<kw name="Click Element" library="SeleniumLibrary">
<arg>//*[@class="dc-btn dc-btn__effect dc-btn--primary dc-btn__large dc-btn__button-group da-api-token__button"]</arg>
<doc>Click the element identified by ``locator``.</doc>
<msg timestamp="20220923 05:42:52.535" level="INFO">Clicking element '//*[@class="dc-btn dc-btn__effect dc-btn--primary dc-btn__large dc-btn__button-group da-api-token__button"]'.</msg>
<status status="PASS" starttime="20220923 05:42:52.534" endtime="20220923 05:42:52.622"/>
</kw>
<kw name="Wait Until Page Contains Element" library="SeleniumLibrary">
<arg>//*[@class='dc-text' and contains(.,'sun')]</arg>
<arg>20</arg>
<doc>Waits until the element ``locator`` appears on the current page.</doc>
<status status="PASS" starttime="20220923 05:42:52.622" endtime="20220923 05:42:55.026"/>
</kw>
<kw name="Wait Until Page Contains Element" library="SeleniumLibrary">
<arg>//*[@class="da-api-token__table-cell-row" and contains(.,'Read') and contains(.,'Trade') and contains(.,'Payments') and contains(.,'Trading information') and contains(.,'Admin')][1]</arg>
<arg>20</arg>
<doc>Waits until the element ``locator`` appears on the current page.</doc>
<status status="PASS" starttime="20220923 05:42:55.026" endtime="20220923 05:42:55.042"/>
</kw>
<status status="PASS" starttime="20220923 05:42:52.078" endtime="20220923 05:42:55.042"/>
</test>
<test id="s1-t7" name="Delete Token Generated" line="58">
<kw name="Click Element" library="SeleniumLibrary">
<arg>//*[@class="dc-icon dc-clipboard da-api-token__delete-icon"]</arg>
<doc>Click the element identified by ``locator``.</doc>
<msg timestamp="20220923 05:42:55.043" level="INFO">Clicking element '//*[@class="dc-icon dc-clipboard da-api-token__delete-icon"]'.</msg>
<status status="PASS" starttime="20220923 05:42:55.043" endtime="20220923 05:42:55.132"/>
</kw>
<kw name="Wait Until Page Contains Element" library="SeleniumLibrary">
<arg>//*[@class="dc-btn dc-btn__effect dc-btn--primary dc-btn__large dc-dialog__button"]</arg>
<arg>20</arg>
<doc>Waits until the element ``locator`` appears on the current page.</doc>
<status status="PASS" starttime="20220923 05:42:55.133" endtime="20220923 05:42:55.148"/>
</kw>
<kw name="Click Element" library="SeleniumLibrary">
<arg>//*[@class="dc-btn dc-btn__effect dc-btn--primary dc-btn__large dc-dialog__button"]</arg>
<doc>Click the element identified by ``locator``.</doc>
<msg timestamp="20220923 05:42:55.148" level="INFO">Clicking element '//*[@class="dc-btn dc-btn__effect dc-btn--primary dc-btn__large dc-dialog__button"]'.</msg>
<status status="PASS" starttime="20220923 05:42:55.148" endtime="20220923 05:42:55.424"/>
</kw>
<status status="PASS" starttime="20220923 05:42:55.043" endtime="20220923 05:42:55.424"/>
</test>
<status status="PASS" starttime="20220923 05:42:26.004" endtime="20220923 05:42:55.426"/>
</suite>
<statistics>
<total>
<stat pass="7" fail="0" skip="0">All Tests</stat>
</total>
<tag>
</tag>
<suite>
<stat pass="7" fail="0" skip="0" id="s1" name="testCase6">testCase6</stat>
</suite>
</statistics>
<errors>
</errors>
</robot>
